<?xml version="1.0" encoding="UTF-8"?>
<!-- Generated by org.testng.reporters.JUnitReportReporter -->
<testsuite hostname="LAPTOP-62C0PDQP" failures="0" tests="1" name="testCases.demo" time="74.905" errors="0" timestamp="2024-08-17T19:31:36 IST" skipped="0">
  <testcase classname="testCases.demo" name="setup" time="74.905"/>
</testsuite> <!-- testCases.demo -->
