<?xml version="1.0" encoding="UTF-8"?>
<!-- Generated by org.testng.reporters.JUnitReportReporter -->
<testsuite hostname="LAPTOP-62C0PDQP" failures="0" tests="1" name="utilities.dempo" time="36.291" errors="0" timestamp="2024-08-31T20:58:28 IST" skipped="0">
  <testcase classname="utilities.dempo" name="Varify_Account_Registation" time="36.291"/>
</testsuite> <!-- utilities.dempo -->
