<?xml version="1.0" encoding="UTF-8"?>
<!-- Generated by org.testng.reporters.JUnitReportReporter -->
<testsuite hostname="LAPTOP-62C0PDQP" failures="0" tests="1" name="testBase.Class123" time="22.928" errors="0" timestamp="2024-08-16T14:16:43 IST" skipped="0">
  <testcase classname="testBase.Class123" name="setup" time="22.928"/>
</testsuite> <!-- testBase.Class123 -->
