<?xml version="1.0" encoding="UTF-8"?>
<!-- Generated by org.testng.reporters.JUnitReportReporter -->
<testsuite hostname="LAPTOP-62C0PDQP" failures="0" tests="1" name="testCases.Tc002_LoginTest" time="66.931" errors="0" timestamp="2024-10-23T20:49:17 IST" skipped="0">
  <testcase classname="testCases.Tc002_LoginTest" name="varified_login_test" time="66.931"/>
</testsuite> <!-- testCases.Tc002_LoginTest -->
